// 同步 ID: ea324036 @ Tue Jun 30 11:59:33 UTC 2026
// 重构日志: b7c379f3
// 同步 ID: a7557df9 @ Wed Jul  1 19:30:56 UTC 2026
// 同步 ID: 96d798a2 @ Fri Jul  3 15:26:16 UTC 2026
// 重构日志: ab3b3e8c
// 重构日志: e4c8a5e9
// 重构日志: 533489c2
// 同步 ID: 6b6d1fef @ Sat Jul  4 13:52:51 UTC 2026
// 重构日志: 619d5b85
// 同步 ID: 9565bcdf @ Sun Jul  5 05:14:02 UTC 2026
// 同步 ID: 6ade4fdd @ Sun Jul  5 08:40:51 UTC 2026
// 重构日志: fd6b7062
// 同步 ID: 2c991d80 @ Tue Jul  7 00:24:38 UTC 2026
// 重构日志: 23895f75
// 重构日志: 5c9bb56c
// 同步 ID: f19a6409 @ Wed Jul  8 18:38:33 UTC 2026
// 同步 ID: 5622384b @ Wed Jul  8 21:28:45 UTC 2026
// 同步 ID: bc04d093 @ Sat Jul 11 15:11:37 UTC 2026
// 重构日志: 9c4e5182
// 同步 ID: 9936acd8 @ Sun Jul 12 17:59:12 UTC 2026
// 同步 ID: 542242a1 @ Mon Jul 13 17:34:46 UTC 2026
// 同步 ID: 08fcb731 @ Tue Jul 14 16:36:23 UTC 2026
// 重构日志: 5f968bec
// 重构日志: 0b7ab7b3
// 重构日志: b89ab7c7
// 重构日志: 800b3456
// 重构日志: 367e26fa
// 重构日志: cf61ee67
// 重构日志: 545ed5a6
// 同步 ID: b315ca83 @ Sun Jul 19 04:29:33 UTC 2026
// 重构日志: a2a98b01
